<?xml version="1.0" encoding="UTF-8"?>
<testng-results skipped="0" failed="0" ignored="0" total="1" passed="1">
  <reporter-output>
  </reporter-output>
  <suite name="Default suite" duration-ms="30708" started-at="2019-01-13T08:15:26Z" finished-at="2019-01-13T08:15:57Z">
    <groups>
    </groups>
    <test name="Default test" duration-ms="30708" started-at="2019-01-13T08:15:26Z" finished-at="2019-01-13T08:15:57Z">
      <class name="DayOne.TestClass">
        <test-method status="PASS" signature="setup()[pri:0, instance:DayOne.TestClass@46d56d67]" name="setup" is-config="true" duration-ms="24556" started-at="2019-01-13T08:15:26Z" finished-at="2019-01-13T08:15:51Z">
          <reporter-output>
          </reporter-output>
        </test-method> <!-- setup -->
        <test-method status="PASS" signature="testSearch()[pri:0, instance:DayOne.TestClass@46d56d67]" name="testSearch" duration-ms="5305" started-at="2019-01-13T08:15:51Z" finished-at="2019-01-13T08:15:56Z">
          <reporter-output>
          </reporter-output>
        </test-method> <!-- testSearch -->
        <test-method status="PASS" signature="tearDown()[pri:0, instance:DayOne.TestClass@46d56d67]" name="tearDown" is-config="true" duration-ms="821" started-at="2019-01-13T08:15:56Z" finished-at="2019-01-13T08:15:57Z">
          <reporter-output>
          </reporter-output>
        </test-method> <!-- tearDown -->
      </class> <!-- DayOne.TestClass -->
    </test> <!-- Default test -->
  </suite> <!-- Default suite -->
</testng-results>
